-------------------------------------------------------------------------------
Test set: TestSuite
-------------------------------------------------------------------------------
Tests run: 14, Failures: 1, Errors: 0, Skipped: 6, Time elapsed: 105.662 s <<< FAILURE! - in TestSuite
aftertestmethod(TEST.Test_DataProviderATSRegistration)  Time elapsed: 3.348 s  <<< FAILURE!
java.lang.NullPointerException
	at TEST.Test_DataProviderATSRegistration.aftertestmethod(Test_DataProviderATSRegistration.java:48)

