<?xml version="1.0" encoding="UTF-8"?>
<testsuite xmlns:xsi="http://www.w3.org/2001/XMLSchema-instance" xsi:noNamespaceSchemaLocation="https://maven.apache.org/surefire/maven-surefire-plugin/xsd/surefire-test-report.xsd" name="TestSuite" time="98.712" tests="2" errors="0" skipped="0" failures="1">
  <properties>
[...]
</properties>
  <testcase name="login" classname="TEST.TestLogin" time="8.278"/>
  <testcase name="addJob" classname="TEST.Test_Add_Job" time="78.711">
    <failure message="no such element: Unable to locate element: {&quot;method&quot;:&quot;xpath&quot;,&quot;selector&quot;:&quot;//a[@class=&apos;shutter-out-horizontal&apos;]&quot;}&#10;  (Session info: chrome=78.0.3904.108)&#10;For documentation on this error, please visit: http://seleniumhq.org/exceptions/no_such_element.html&#10;Build info: version: &apos;3.14.0&apos;, revision: &apos;aacccce0&apos;, time: &apos;2018-08-02T20:19:58.91Z&apos;&#10;System info: host: &apos;MXITD037&apos;, ip: &apos;192.168.10.225&apos;, os.name: &apos;Windows 7&apos;, os.arch: &apos;x86&apos;, os.version: &apos;6.1&apos;, java.version: &apos;1.8.0_161&apos;&#10;Driver info: org.openqa.selenium.chrome.ChromeDriver&#10;Capabilities {acceptInsecureCerts: false, browserName: chrome, browserVersion: 78.0.3904.108, chrome: {chromedriverVersion: 78.0.3904.70 (edb9c9f3de024..., userDataDir: C:\Users\AMOL~1.SHI\AppData...}, goog:chromeOptions: {debuggerAddress: localhost:55478}, javascriptEnabled: true, networkConnectionEnabled: false, pageLoadStrategy: normal, platform: XP, platformName: XP, proxy: Proxy(), setWindowRect: true, strictFileInteractability: false, timeouts: {implicit: 0, pageLoad: 300000, script: 30000}, unhandledPromptBehavior: dismiss and notify}&#10;Session ID: c6de8d0a6084db311267ed4112d7cde2&#10;*** Element info: {Using=xpath, value=//a[@class=&apos;shutter-out-horizontal&apos;]}" type="org.openqa.selenium.NoSuchElementException">org.openqa.selenium.NoSuchElementException: 
no such element: Unable to locate element: {"method":"xpath","selector":"//a[@class='shutter-out-horizontal']"}
  (Session info: chrome=78.0.3904.108)
For documentation on this error, please visit: http://seleniumhq.org/exceptions/no_such_element.html
Build info: version: '3.14.0', revision: 'aacccce0', time: '2018-08-02T20:19:58.91Z'
System info: host: 'MXITD037', ip: '192.168.10.225', os.name: 'Windows 7', os.arch: 'x86', os.version: '6.1', java.version: '1.8.0_161'
Driver info: org.openqa.selenium.chrome.ChromeDriver
Capabilities {acceptInsecureCerts: false, browserName: chrome, browserVersion: 78.0.3904.108, chrome: {chromedriverVersion: 78.0.3904.70 (edb9c9f3de024..., userDataDir: C:\Users\AMOL~1.SHI\AppData...}, goog:chromeOptions: {debuggerAddress: localhost:55478}, javascriptEnabled: true, networkConnectionEnabled: false, pageLoadStrategy: normal, platform: XP, platformName: XP, proxy: Proxy(), setWindowRect: true, strictFileInteractability: false, timeouts: {implicit: 0, pageLoad: 300000, script: 30000}, unhandledPromptBehavior: dismiss and notify}
Session ID: c6de8d0a6084db311267ed4112d7cde2
*** Element info: {Using=xpath, value=//a[@class='shutter-out-horizontal']}
	at TEST.Test_Add_Job.addJob(Test_Add_Job.java:40)
</failure>
    <system-out><![CDATA[Test Method Start :addJob
UPDATES
CANDIDATES
JOBS
---------
Development
Support 
Resume Required
Permanent
Contract To Permanent
Full Time
Part Time
---------
Development
Support 
Testing
26
December
2019
The input month year is :December 2019
The rtrvd month year is : December 2019
---------
hsingh
sidd1609
sidd16092
ashingote
ashingote1
slale
purna
abansal
manish
ykomalwad
sidd160992
mjoshi
hitesh
ketan
admin
admin1
admin2
---------
hsingh
sidd1609
sidd16092
ashingote
ashingote1
slale
purna
abansal
manish
ykomalwad
sidd160992
mjoshi
hitesh
General
External Client
Test Method Failed : addJob
]]></system-out>
    <system-err><![CDATA[Starting ChromeDriver 78.0.3904.70 (edb9c9f3de0247fd912a77b7f6cae7447f6d3ad5-refs/branch-heads/3904@{#800}) on port 1129
Only local connections are allowed.
Please protect ports used by ChromeDriver and related test frameworks to prevent access by malicious code.
Dec 02, 2019 7:36:38 PM org.openqa.selenium.remote.ProtocolHandshake createSession
INFO: Detected dialect: W3C
]]></system-err>
  </testcase>
</testsuite>