<?xml version="1.0" encoding="UTF-8"?>
<testng-results skipped="0" failed="0" ignored="2" total="7" passed="5">
  <reporter-output>
    <line>
      <![CDATA[Test Execution Start : Test]]>
    </line>
    <line>
      <![CDATA[Test Method Start :login]]>
    </line>
    <line>
      <![CDATA[Test Method Success :login]]>
    </line>
    <line>
      <![CDATA[Test Method Start :DD_Login_data]]>
    </line>
    <line>
      <![CDATA[Test Method Success :DD_Login_data]]>
    </line>
    <line>
      <![CDATA[Test Method Start :DD_Login_data]]>
    </line>
    <line>
      <![CDATA[Test Method Success :DD_Login_data]]>
    </line>
    <line>
      <![CDATA[Test Method Start :DD_Login_data]]>
    </line>
    <line>
      <![CDATA[Test Method Success :DD_Login_data]]>
    </line>
    <line>
      <![CDATA[Test Method Start :DD_Login_data]]>
    </line>
    <line>
      <![CDATA[Test Method Success :DD_Login_data]]>
    </line>
  </reporter-output>
  <suite name="Suite" duration-ms="77995" started-at="2019-12-04T08:24:18Z" finished-at="2019-12-04T08:25:36Z">
    <groups>
    </groups>
    <test name="Test" duration-ms="77995" started-at="2019-12-04T08:24:18Z" finished-at="2019-12-04T08:25:36Z">
      <class name="TEST.TestLogin">
        <test-method status="PASS" signature="startReport()[pri:0, instance:TEST.TestLogin@1a57a3b]" name="startReport" is-config="true" duration-ms="262" started-at="2019-12-04T08:24:18Z" finished-at="2019-12-04T08:24:18Z">
          <reporter-output>
          </reporter-output>
        </test-method> <!-- startReport -->
        <test-method status="PASS" signature="preCondition(java.lang.String)[pri:0, instance:TEST.TestLogin@1a57a3b]" name="preCondition" is-config="true" duration-ms="4557" started-at="2019-12-04T08:24:18Z" finished-at="2019-12-04T08:24:23Z">
          <params>
            <param index="0">
              <value>
                <![CDATA[Chrome]]>
              </value>
            </param>
          </params>
          <reporter-output>
          </reporter-output>
        </test-method> <!-- preCondition -->
        <test-method status="PASS" signature="login()[pri:0, instance:TEST.TestLogin@1a57a3b]" name="login" duration-ms="7962" started-at="2019-12-04T08:24:23Z" finished-at="2019-12-04T08:24:31Z">
          <reporter-output>
            <line>
              <![CDATA[Test Method Start :login]]>
            </line>
            <line>
              <![CDATA[Test Method Success :login]]>
            </line>
          </reporter-output>
        </test-method> <!-- login -->
        <test-method status="PASS" signature="postCondition()[pri:0, instance:TEST.TestLogin@1a57a3b]" name="postCondition" is-config="true" duration-ms="2222" started-at="2019-12-04T08:24:31Z" finished-at="2019-12-04T08:24:33Z">
          <reporter-output>
          </reporter-output>
        </test-method> <!-- postCondition -->
        <test-method status="PASS" signature="endReport()[pri:0, instance:TEST.TestLogin@1a57a3b]" name="endReport" is-config="true" duration-ms="757" started-at="2019-12-04T08:25:35Z" finished-at="2019-12-04T08:25:36Z">
          <reporter-output>
          </reporter-output>
        </test-method> <!-- endReport -->
      </class> <!-- TEST.TestLogin -->
      <class name="TEST.TestDataProviderATSLogin">
        <test-method status="PASS" signature="preCondition(java.lang.String)[pri:0, instance:TEST.TestDataProviderATSLogin@a48474]" name="preCondition" is-config="true" duration-ms="4417" started-at="2019-12-04T08:24:34Z" finished-at="2019-12-04T08:24:38Z">
          <params>
            <param index="0">
              <value>
                <![CDATA[Chrome]]>
              </value>
            </param>
          </params>
          <reporter-output>
          </reporter-output>
        </test-method> <!-- preCondition -->
        <test-method status="PASS" signature="DD_Login_data(java.lang.String, java.lang.String)[pri:0, instance:TEST.TestDataProviderATSLogin@a48474]" name="DD_Login_data" duration-ms="11839" started-at="2019-12-04T08:24:38Z" data-provider="Authentication" finished-at="2019-12-04T08:24:50Z">
          <params>
            <param index="0">
              <value>
                <![CDATA[hitesh]]>
              </value>
            </param>
            <param index="1">
              <value>
                <![CDATA[hitesh@123]]>
              </value>
            </param>
          </params>
          <reporter-output>
            <line>
              <![CDATA[Test Method Start :DD_Login_data]]>
            </line>
            <line>
              <![CDATA[Test Method Success :DD_Login_data]]>
            </line>
          </reporter-output>
        </test-method> <!-- DD_Login_data -->
        <test-method status="PASS" signature="postCondition()[pri:0, instance:TEST.TestDataProviderATSLogin@a48474]" name="postCondition" is-config="true" duration-ms="170" started-at="2019-12-04T08:24:50Z" finished-at="2019-12-04T08:24:50Z">
          <reporter-output>
          </reporter-output>
        </test-method> <!-- postCondition -->
        <test-method status="PASS" signature="preCondition(java.lang.String)[pri:0, instance:TEST.TestDataProviderATSLogin@a48474]" name="preCondition" is-config="true" duration-ms="4024" started-at="2019-12-04T08:24:50Z" finished-at="2019-12-04T08:24:54Z">
          <params>
            <param index="0">
              <value>
                <![CDATA[Chrome]]>
              </value>
            </param>
          </params>
          <reporter-output>
          </reporter-output>
        </test-method> <!-- preCondition -->
        <test-method status="PASS" signature="DD_Login_data(java.lang.String, java.lang.String)[pri:0, instance:TEST.TestDataProviderATSLogin@a48474]" name="DD_Login_data" duration-ms="7981" started-at="2019-12-04T08:24:54Z" data-provider="Authentication" finished-at="2019-12-04T08:25:02Z">
          <params>
            <param index="0">
              <value>
                <![CDATA[manish]]>
              </value>
            </param>
            <param index="1">
              <value>
                <![CDATA[manish@123]]>
              </value>
            </param>
          </params>
          <reporter-output>
            <line>
              <![CDATA[Test Method Start :DD_Login_data]]>
            </line>
            <line>
              <![CDATA[Test Method Success :DD_Login_data]]>
            </line>
          </reporter-output>
        </test-method> <!-- DD_Login_data -->
        <test-method status="PASS" signature="postCondition()[pri:0, instance:TEST.TestDataProviderATSLogin@a48474]" name="postCondition" is-config="true" duration-ms="247" started-at="2019-12-04T08:25:02Z" finished-at="2019-12-04T08:25:02Z">
          <reporter-output>
          </reporter-output>
        </test-method> <!-- postCondition -->
        <test-method status="PASS" signature="preCondition(java.lang.String)[pri:0, instance:TEST.TestDataProviderATSLogin@a48474]" name="preCondition" is-config="true" duration-ms="4364" started-at="2019-12-04T08:25:02Z" finished-at="2019-12-04T08:25:07Z">
          <params>
            <param index="0">
              <value>
                <![CDATA[Chrome]]>
              </value>
            </param>
          </params>
          <reporter-output>
          </reporter-output>
        </test-method> <!-- preCondition -->
        <test-method status="PASS" signature="DD_Login_data(java.lang.String, java.lang.String)[pri:0, instance:TEST.TestDataProviderATSLogin@a48474]" name="DD_Login_data" duration-ms="11931" started-at="2019-12-04T08:25:07Z" data-provider="Authentication" finished-at="2019-12-04T08:25:19Z">
          <params>
            <param index="0">
              <value>
                <![CDATA[ketan]]>
              </value>
            </param>
            <param index="1">
              <value>
                <![CDATA[ketan@123]]>
              </value>
            </param>
          </params>
          <reporter-output>
            <line>
              <![CDATA[Test Method Start :DD_Login_data]]>
            </line>
            <line>
              <![CDATA[Test Method Success :DD_Login_data]]>
            </line>
          </reporter-output>
        </test-method> <!-- DD_Login_data -->
        <test-method status="PASS" signature="postCondition()[pri:0, instance:TEST.TestDataProviderATSLogin@a48474]" name="postCondition" is-config="true" duration-ms="579" started-at="2019-12-04T08:25:19Z" finished-at="2019-12-04T08:25:19Z">
          <reporter-output>
          </reporter-output>
        </test-method> <!-- postCondition -->
        <test-method status="PASS" signature="preCondition(java.lang.String)[pri:0, instance:TEST.TestDataProviderATSLogin@a48474]" name="preCondition" is-config="true" duration-ms="3954" started-at="2019-12-04T08:25:19Z" finished-at="2019-12-04T08:25:23Z">
          <params>
            <param index="0">
              <value>
                <![CDATA[Chrome]]>
              </value>
            </param>
          </params>
          <reporter-output>
          </reporter-output>
        </test-method> <!-- preCondition -->
        <test-method status="PASS" signature="DD_Login_data(java.lang.String, java.lang.String)[pri:0, instance:TEST.TestDataProviderATSLogin@a48474]" name="DD_Login_data" duration-ms="11772" started-at="2019-12-04T08:25:23Z" data-provider="Authentication" finished-at="2019-12-04T08:25:35Z">
          <params>
            <param index="0">
              <value>
                <![CDATA[ashingote]]>
              </value>
            </param>
            <param index="1">
              <value>
                <![CDATA[ashingote]]>
              </value>
            </param>
          </params>
          <reporter-output>
            <line>
              <![CDATA[Test Method Start :DD_Login_data]]>
            </line>
            <line>
              <![CDATA[Test Method Success :DD_Login_data]]>
            </line>
          </reporter-output>
        </test-method> <!-- DD_Login_data -->
        <test-method status="PASS" signature="postCondition()[pri:0, instance:TEST.TestDataProviderATSLogin@a48474]" name="postCondition" is-config="true" duration-ms="207" started-at="2019-12-04T08:25:35Z" finished-at="2019-12-04T08:25:35Z">
          <reporter-output>
          </reporter-output>
        </test-method> <!-- postCondition -->
      </class> <!-- TEST.TestDataProviderATSLogin -->
    </test> <!-- Test -->
  </suite> <!-- Suite -->
</testng-results>
