<?xml version="1.0" encoding="UTF-8"?>
<testsuite xmlns:xsi="http://www.w3.org/2001/XMLSchema-instance" xsi:noNamespaceSchemaLocation="https://maven.apache.org/surefire/maven-surefire-plugin/xsd/surefire-test-report.xsd" name="TestSuite" time="342.968" tests="45" errors="0" skipped="34" failures="3">
  <properties>
[...]
</properties>
  <testcase name="registration" classname="TEST.Test_ATS_Registration" time="3.321"/>
  <testcase name="login" classname="TEST.TestLogin" time="7.551"/>
  <testcase name="addCandidateManually" classname="TEST.Test_ATS_AddCandidate" time="48.961">
    <failure message="element not interactable&#10;  (Session info: chrome=79.0.3945.79)&#10;Build info: version: &apos;3.14.0&apos;, revision: &apos;aacccce0&apos;, time: &apos;2018-08-02T20:19:58.91Z&apos;&#10;System info: host: &apos;MXITD037&apos;, ip: &apos;192.168.10.225&apos;, os.name: &apos;Windows 7&apos;, os.arch: &apos;x86&apos;, os.version: &apos;6.1&apos;, java.version: &apos;1.8.0_161&apos;&#10;Driver info: org.openqa.selenium.chrome.ChromeDriver&#10;Capabilities {acceptInsecureCerts: false, browserName: chrome, browserVersion: 79.0.3945.79, chrome: {chromedriverVersion: 78.0.3904.70 (edb9c9f3de024..., userDataDir: C:\Users\AMOL~1.SHI\AppData...}, goog:chromeOptions: {debuggerAddress: localhost:53998}, javascriptEnabled: true, networkConnectionEnabled: false, pageLoadStrategy: normal, platform: XP, platformName: XP, proxy: Proxy(), setWindowRect: true, strictFileInteractability: false, timeouts: {implicit: 0, pageLoad: 300000, script: 30000}, unhandledPromptBehavior: dismiss and notify}&#10;Session ID: 75e9d7535d6d9a5b9dac6b779fc312c3" type="org.openqa.selenium.ElementNotInteractableException">org.openqa.selenium.ElementNotInteractableException: 
element not interactable
  (Session info: chrome=79.0.3945.79)
Build info: version: '3.14.0', revision: 'aacccce0', time: '2018-08-02T20:19:58.91Z'
System info: host: 'MXITD037', ip: '192.168.10.225', os.name: 'Windows 7', os.arch: 'x86', os.version: '6.1', java.version: '1.8.0_161'
Driver info: org.openqa.selenium.chrome.ChromeDriver
Capabilities {acceptInsecureCerts: false, browserName: chrome, browserVersion: 79.0.3945.79, chrome: {chromedriverVersion: 78.0.3904.70 (edb9c9f3de024..., userDataDir: C:\Users\AMOL~1.SHI\AppData...}, goog:chromeOptions: {debuggerAddress: localhost:53998}, javascriptEnabled: true, networkConnectionEnabled: false, pageLoadStrategy: normal, platform: XP, platformName: XP, proxy: Proxy(), setWindowRect: true, strictFileInteractability: false, timeouts: {implicit: 0, pageLoad: 300000, script: 30000}, unhandledPromptBehavior: dismiss and notify}
Session ID: 75e9d7535d6d9a5b9dac6b779fc312c3
	at TEST.Test_ATS_AddCandidate.addCandidateManually(Test_ATS_AddCandidate.java:31)
</failure>
    <system-out><![CDATA[Test Method Start :addCandidateManually
UPDATES
CANDIDATES
---------
External Source
---------
Dice.com
Naukri
Test Method Failed : addCandidateManually
]]></system-out>
    <system-err><![CDATA[Starting ChromeDriver 78.0.3904.70 (edb9c9f3de0247fd912a77b7f6cae7447f6d3ad5-refs/branch-heads/3904@{#800}) on port 32717
Only local connections are allowed.
Please protect ports used by ChromeDriver and related test frameworks to prevent access by malicious code.
[1576491440.634][WARNING]: This version of ChromeDriver has not been tested with Chrome version 79.
Dec 16, 2019 3:47:21 PM org.openqa.selenium.remote.ProtocolHandshake createSession
INFO: Detected dialect: W3C
]]></system-err>
  </testcase>
  <testcase name="addJob" classname="TEST.Test_Add_Job" time="70.155"/>
  <testcase name="DD_Login_data" classname="TEST.TestDataProviderATSLogin" time="11.452"/>
  <testcase name="DD_Login_data" classname="TEST.TestDataProviderATSLogin" time="7.717"/>
  <testcase name="DD_Login_data" classname="TEST.TestDataProviderATSLogin" time="11.531"/>
  <testcase name="DD_Login_data" classname="TEST.TestDataProviderATSLogin" time="11.708"/>
  <testcase name="DD_Registration_data" classname="TEST.Test_DataProviderATSRegistration" time="3.294"/>
  <testcase name="DD_Registration_data" classname="TEST.Test_DataProviderATSRegistration" time="0">
    <skipped/>
    <system-out><![CDATA[Test Method Skipped :DD_Registration_data
]]></system-out>
    <system-err><![CDATA[Starting ChromeDriver 78.0.3904.70 (edb9c9f3de0247fd912a77b7f6cae7447f6d3ad5-refs/branch-heads/3904@{#800}) on port 22867
Only local connections are allowed.
Please protect ports used by ChromeDriver and related test frameworks to prevent access by malicious code.
[1576491637.715][WARNING]: This version of ChromeDriver has not been tested with Chrome version 79.
Dec 16, 2019 3:50:38 PM org.openqa.selenium.remote.ProtocolHandshake createSession
INFO: Detected dialect: W3C
]]></system-err>
  </testcase>
  <testcase name="DD_Registration_data" classname="TEST.Test_DataProviderATSRegistration" time="0">
    <skipped/>
    <system-out><![CDATA[Test Method Skipped :DD_Registration_data
]]></system-out>
    <system-err><![CDATA[Starting ChromeDriver 78.0.3904.70 (edb9c9f3de0247fd912a77b7f6cae7447f6d3ad5-refs/branch-heads/3904@{#800}) on port 29646
Only local connections are allowed.
Please protect ports used by ChromeDriver and related test frameworks to prevent access by malicious code.
[1576491641.500][WARNING]: This version of ChromeDriver has not been tested with Chrome version 79.
Dec 16, 2019 3:50:42 PM org.openqa.selenium.remote.ProtocolHandshake createSession
INFO: Detected dialect: W3C
]]></system-err>
  </testcase>
  <testcase name="DD_Registration_data" classname="TEST.Test_DataProviderATSRegistration" time="0">
    <skipped/>
    <system-out><![CDATA[Test Method Skipped :DD_Registration_data
]]></system-out>
    <system-err><![CDATA[Starting ChromeDriver 78.0.3904.70 (edb9c9f3de0247fd912a77b7f6cae7447f6d3ad5-refs/branch-heads/3904@{#800}) on port 43446
Only local connections are allowed.
Please protect ports used by ChromeDriver and related test frameworks to prevent access by malicious code.
[1576491645.355][WARNING]: This version of ChromeDriver has not been tested with Chrome version 79.
Dec 16, 2019 3:50:46 PM org.openqa.selenium.remote.ProtocolHandshake createSession
INFO: Detected dialect: W3C
]]></system-err>
  </testcase>
  <testcase name="DD_Registration_data" classname="TEST.Test_DataProviderATSRegistration" time="0">
    <skipped/>
    <system-out><![CDATA[Test Method Skipped :DD_Registration_data
]]></system-out>
    <system-err><![CDATA[Starting ChromeDriver 78.0.3904.70 (edb9c9f3de0247fd912a77b7f6cae7447f6d3ad5-refs/branch-heads/3904@{#800}) on port 8579
Only local connections are allowed.
Please protect ports used by ChromeDriver and related test frameworks to prevent access by malicious code.
[1576491649.152][WARNING]: This version of ChromeDriver has not been tested with Chrome version 79.
Dec 16, 2019 3:50:50 PM org.openqa.selenium.remote.ProtocolHandshake createSession
INFO: Detected dialect: W3C
]]></system-err>
  </testcase>
  <testcase name="DD_Registration_data" classname="TEST.Test_DataProviderATSRegistration" time="0">
    <skipped/>
    <system-out><![CDATA[Test Method Skipped :DD_Registration_data
]]></system-out>
    <system-err><![CDATA[Starting ChromeDriver 78.0.3904.70 (edb9c9f3de0247fd912a77b7f6cae7447f6d3ad5-refs/branch-heads/3904@{#800}) on port 47814
Only local connections are allowed.
Please protect ports used by ChromeDriver and related test frameworks to prevent access by malicious code.
[1576491653.502][WARNING]: This version of ChromeDriver has not been tested with Chrome version 79.
Dec 16, 2019 3:50:54 PM org.openqa.selenium.remote.ProtocolHandshake createSession
INFO: Detected dialect: W3C
]]></system-err>
  </testcase>
  <testcase name="DD_Registration_data" classname="TEST.Test_DataProviderATSRegistration" time="0">
    <skipped/>
    <system-out><![CDATA[Test Method Skipped :DD_Registration_data
]]></system-out>
    <system-err><![CDATA[Starting ChromeDriver 78.0.3904.70 (edb9c9f3de0247fd912a77b7f6cae7447f6d3ad5-refs/branch-heads/3904@{#800}) on port 39196
Only local connections are allowed.
Please protect ports used by ChromeDriver and related test frameworks to prevent access by malicious code.
[1576491657.215][WARNING]: This version of ChromeDriver has not been tested with Chrome version 79.
Dec 16, 2019 3:50:58 PM org.openqa.selenium.remote.ProtocolHandshake createSession
INFO: Detected dialect: W3C
]]></system-err>
  </testcase>
  <testcase name="DD_Registration_data" classname="TEST.Test_DataProviderATSRegistration" time="0">
    <skipped/>
    <system-out><![CDATA[Test Method Skipped :DD_Registration_data
]]></system-out>
    <system-err><![CDATA[Starting ChromeDriver 78.0.3904.70 (edb9c9f3de0247fd912a77b7f6cae7447f6d3ad5-refs/branch-heads/3904@{#800}) on port 20393
Only local connections are allowed.
Please protect ports used by ChromeDriver and related test frameworks to prevent access by malicious code.
[1576491661.102][WARNING]: This version of ChromeDriver has not been tested with Chrome version 79.
Dec 16, 2019 3:51:02 PM org.openqa.selenium.remote.ProtocolHandshake createSession
INFO: Detected dialect: W3C
]]></system-err>
  </testcase>
  <testcase name="DD_Registration_data" classname="TEST.Test_DataProviderATSRegistration" time="0">
    <skipped/>
    <system-out><![CDATA[Test Method Skipped :DD_Registration_data
]]></system-out>
    <system-err><![CDATA[Starting ChromeDriver 78.0.3904.70 (edb9c9f3de0247fd912a77b7f6cae7447f6d3ad5-refs/branch-heads/3904@{#800}) on port 33126
Only local connections are allowed.
Please protect ports used by ChromeDriver and related test frameworks to prevent access by malicious code.
[1576491665.655][WARNING]: This version of ChromeDriver has not been tested with Chrome version 79.
Dec 16, 2019 3:51:06 PM org.openqa.selenium.remote.ProtocolHandshake createSession
INFO: Detected dialect: W3C
]]></system-err>
  </testcase>
  <testcase name="DD_Registration_data" classname="TEST.Test_DataProviderATSRegistration" time="0">
    <skipped/>
    <system-out><![CDATA[Test Method Skipped :DD_Registration_data
]]></system-out>
    <system-err><![CDATA[Starting ChromeDriver 78.0.3904.70 (edb9c9f3de0247fd912a77b7f6cae7447f6d3ad5-refs/branch-heads/3904@{#800}) on port 47841
Only local connections are allowed.
Please protect ports used by ChromeDriver and related test frameworks to prevent access by malicious code.
[1576491669.510][WARNING]: This version of ChromeDriver has not been tested with Chrome version 79.
Dec 16, 2019 3:51:10 PM org.openqa.selenium.remote.ProtocolHandshake createSession
INFO: Detected dialect: W3C
]]></system-err>
  </testcase>
  <testcase name="DD_Registration_data" classname="TEST.Test_DataProviderATSRegistration" time="0">
    <skipped/>
    <system-out><![CDATA[Test Method Skipped :DD_Registration_data
]]></system-out>
    <system-err><![CDATA[Starting ChromeDriver 78.0.3904.70 (edb9c9f3de0247fd912a77b7f6cae7447f6d3ad5-refs/branch-heads/3904@{#800}) on port 22950
Only local connections are allowed.
Please protect ports used by ChromeDriver and related test frameworks to prevent access by malicious code.
[1576491673.372][WARNING]: This version of ChromeDriver has not been tested with Chrome version 79.
Dec 16, 2019 3:51:14 PM org.openqa.selenium.remote.ProtocolHandshake createSession
INFO: Detected dialect: W3C
]]></system-err>
  </testcase>
  <testcase name="DD_Registration_data" classname="TEST.Test_DataProviderATSRegistration" time="0">
    <skipped/>
    <system-out><![CDATA[Test Method Skipped :DD_Registration_data
]]></system-out>
    <system-err><![CDATA[Starting ChromeDriver 78.0.3904.70 (edb9c9f3de0247fd912a77b7f6cae7447f6d3ad5-refs/branch-heads/3904@{#800}) on port 47732
Only local connections are allowed.
Please protect ports used by ChromeDriver and related test frameworks to prevent access by malicious code.
[1576491677.384][WARNING]: This version of ChromeDriver has not been tested with Chrome version 79.
Dec 16, 2019 3:51:18 PM org.openqa.selenium.remote.ProtocolHandshake createSession
INFO: Detected dialect: W3C
]]></system-err>
  </testcase>
  <testcase name="DD_Registration_data" classname="TEST.Test_DataProviderATSRegistration" time="0">
    <skipped/>
    <system-out><![CDATA[Test Method Skipped :DD_Registration_data
]]></system-out>
    <system-err><![CDATA[Starting ChromeDriver 78.0.3904.70 (edb9c9f3de0247fd912a77b7f6cae7447f6d3ad5-refs/branch-heads/3904@{#800}) on port 27274
Only local connections are allowed.
Please protect ports used by ChromeDriver and related test frameworks to prevent access by malicious code.
[1576491681.106][WARNING]: This version of ChromeDriver has not been tested with Chrome version 79.
Dec 16, 2019 3:51:22 PM org.openqa.selenium.remote.ProtocolHandshake createSession
INFO: Detected dialect: W3C
]]></system-err>
  </testcase>
  <testcase name="DD_Registration_data" classname="TEST.Test_DataProviderATSRegistration" time="0">
    <skipped/>
    <system-out><![CDATA[Test Method Skipped :DD_Registration_data
]]></system-out>
    <system-err><![CDATA[Starting ChromeDriver 78.0.3904.70 (edb9c9f3de0247fd912a77b7f6cae7447f6d3ad5-refs/branch-heads/3904@{#800}) on port 1753
Only local connections are allowed.
Please protect ports used by ChromeDriver and related test frameworks to prevent access by malicious code.
[1576491687.113][WARNING]: This version of ChromeDriver has not been tested with Chrome version 79.
Dec 16, 2019 3:51:28 PM org.openqa.selenium.remote.ProtocolHandshake createSession
INFO: Detected dialect: W3C
]]></system-err>
  </testcase>
  <testcase name="DD_Registration_data" classname="TEST.Test_DataProviderATSRegistration" time="0">
    <skipped/>
    <system-out><![CDATA[Test Method Skipped :DD_Registration_data
]]></system-out>
    <system-err><![CDATA[Starting ChromeDriver 78.0.3904.70 (edb9c9f3de0247fd912a77b7f6cae7447f6d3ad5-refs/branch-heads/3904@{#800}) on port 2384
Only local connections are allowed.
Please protect ports used by ChromeDriver and related test frameworks to prevent access by malicious code.
[1576491691.064][WARNING]: This version of ChromeDriver has not been tested with Chrome version 79.
Dec 16, 2019 3:51:32 PM org.openqa.selenium.remote.ProtocolHandshake createSession
INFO: Detected dialect: W3C
]]></system-err>
  </testcase>
  <testcase name="DD_Registration_data" classname="TEST.Test_DataProviderATSRegistration" time="0">
    <skipped/>
    <system-out><![CDATA[Test Method Skipped :DD_Registration_data
]]></system-out>
    <system-err><![CDATA[Starting ChromeDriver 78.0.3904.70 (edb9c9f3de0247fd912a77b7f6cae7447f6d3ad5-refs/branch-heads/3904@{#800}) on port 13712
Only local connections are allowed.
Please protect ports used by ChromeDriver and related test frameworks to prevent access by malicious code.
[1576491696.820][WARNING]: This version of ChromeDriver has not been tested with Chrome version 79.
Dec 16, 2019 3:51:37 PM org.openqa.selenium.remote.ProtocolHandshake createSession
INFO: Detected dialect: W3C
]]></system-err>
  </testcase>
  <testcase name="DD_Registration_data" classname="TEST.Test_DataProviderATSRegistration" time="0">
    <skipped/>
    <system-out><![CDATA[Test Method Skipped :DD_Registration_data
]]></system-out>
    <system-err><![CDATA[Starting ChromeDriver 78.0.3904.70 (edb9c9f3de0247fd912a77b7f6cae7447f6d3ad5-refs/branch-heads/3904@{#800}) on port 11576
Only local connections are allowed.
Please protect ports used by ChromeDriver and related test frameworks to prevent access by malicious code.
[1576491700.668][WARNING]: This version of ChromeDriver has not been tested with Chrome version 79.
Dec 16, 2019 3:51:41 PM org.openqa.selenium.remote.ProtocolHandshake createSession
INFO: Detected dialect: W3C
]]></system-err>
  </testcase>
  <testcase name="DD_Registration_data" classname="TEST.Test_DataProviderATSRegistration" time="0">
    <skipped/>
    <system-out><![CDATA[Test Method Skipped :DD_Registration_data
]]></system-out>
    <system-err><![CDATA[Starting ChromeDriver 78.0.3904.70 (edb9c9f3de0247fd912a77b7f6cae7447f6d3ad5-refs/branch-heads/3904@{#800}) on port 47219
Only local connections are allowed.
Please protect ports used by ChromeDriver and related test frameworks to prevent access by malicious code.
[1576491704.585][WARNING]: This version of ChromeDriver has not been tested with Chrome version 79.
Dec 16, 2019 3:51:45 PM org.openqa.selenium.remote.ProtocolHandshake createSession
INFO: Detected dialect: W3C
]]></system-err>
  </testcase>
  <testcase name="aftertestmethod" classname="TEST.Test_DataProviderATSRegistration" time="3.294">
    <failure type="java.lang.NullPointerException">java.lang.NullPointerException
	at TEST.Test_DataProviderATSRegistration.aftertestmethod(Test_DataProviderATSRegistration.java:48)
</failure>
  </testcase>
  <testcase name="aftertestmethod" classname="TEST.Test_DataProviderATSRegistration" time="0">
    <skipped/>
  </testcase>
  <testcase name="aftertestmethod" classname="TEST.Test_DataProviderATSRegistration" time="0">
    <skipped/>
  </testcase>
  <testcase name="aftertestmethod" classname="TEST.Test_DataProviderATSRegistration" time="0">
    <skipped/>
  </testcase>
  <testcase name="aftertestmethod" classname="TEST.Test_DataProviderATSRegistration" time="0">
    <skipped/>
  </testcase>
  <testcase name="aftertestmethod" classname="TEST.Test_DataProviderATSRegistration" time="0">
    <skipped/>
  </testcase>
  <testcase name="aftertestmethod" classname="TEST.Test_DataProviderATSRegistration" time="0">
    <skipped/>
  </testcase>
  <testcase name="aftertestmethod" classname="TEST.Test_DataProviderATSRegistration" time="0">
    <skipped/>
  </testcase>
  <testcase name="aftertestmethod" classname="TEST.Test_DataProviderATSRegistration" time="0">
    <skipped/>
  </testcase>
  <testcase name="aftertestmethod" classname="TEST.Test_DataProviderATSRegistration" time="0">
    <skipped/>
  </testcase>
  <testcase name="aftertestmethod" classname="TEST.Test_DataProviderATSRegistration" time="0">
    <skipped/>
  </testcase>
  <testcase name="aftertestmethod" classname="TEST.Test_DataProviderATSRegistration" time="0">
    <skipped/>
  </testcase>
  <testcase name="aftertestmethod" classname="TEST.Test_DataProviderATSRegistration" time="0">
    <skipped/>
  </testcase>
  <testcase name="aftertestmethod" classname="TEST.Test_DataProviderATSRegistration" time="0">
    <skipped/>
  </testcase>
  <testcase name="aftertestmethod" classname="TEST.Test_DataProviderATSRegistration" time="0">
    <skipped/>
  </testcase>
  <testcase name="aftertestmethod" classname="TEST.Test_DataProviderATSRegistration" time="0">
    <skipped/>
  </testcase>
  <testcase name="aftertestmethod" classname="TEST.Test_DataProviderATSRegistration" time="0">
    <skipped/>
  </testcase>
  <testcase name="aftertestmethod" classname="TEST.Test_DataProviderATSRegistration" time="0">
    <skipped/>
  </testcase>
  <testcase name="resumeUpload" classname="TEST.Test_ATS_AddCandidate" time="46.268">
    <failure message="element not interactable&#10;  (Session info: chrome=79.0.3945.79)&#10;Build info: version: &apos;3.14.0&apos;, revision: &apos;aacccce0&apos;, time: &apos;2018-08-02T20:19:58.91Z&apos;&#10;System info: host: &apos;MXITD037&apos;, ip: &apos;192.168.10.225&apos;, os.name: &apos;Windows 7&apos;, os.arch: &apos;x86&apos;, os.version: &apos;6.1&apos;, java.version: &apos;1.8.0_161&apos;&#10;Driver info: org.openqa.selenium.chrome.ChromeDriver&#10;Capabilities {acceptInsecureCerts: false, browserName: chrome, browserVersion: 79.0.3945.79, chrome: {chromedriverVersion: 78.0.3904.70 (edb9c9f3de024..., userDataDir: C:\Users\AMOL~1.SHI\AppData...}, goog:chromeOptions: {debuggerAddress: localhost:54469}, javascriptEnabled: true, networkConnectionEnabled: false, pageLoadStrategy: normal, platform: XP, platformName: XP, proxy: Proxy(), setWindowRect: true, strictFileInteractability: false, timeouts: {implicit: 0, pageLoad: 300000, script: 30000}, unhandledPromptBehavior: dismiss and notify}&#10;Session ID: d2a60c22d2e184d247fb3b095289e51a" type="org.openqa.selenium.ElementNotInteractableException">org.openqa.selenium.ElementNotInteractableException: 
element not interactable
  (Session info: chrome=79.0.3945.79)
Build info: version: '3.14.0', revision: 'aacccce0', time: '2018-08-02T20:19:58.91Z'
System info: host: 'MXITD037', ip: '192.168.10.225', os.name: 'Windows 7', os.arch: 'x86', os.version: '6.1', java.version: '1.8.0_161'
Driver info: org.openqa.selenium.chrome.ChromeDriver
Capabilities {acceptInsecureCerts: false, browserName: chrome, browserVersion: 79.0.3945.79, chrome: {chromedriverVersion: 78.0.3904.70 (edb9c9f3de024..., userDataDir: C:\Users\AMOL~1.SHI\AppData...}, goog:chromeOptions: {debuggerAddress: localhost:54469}, javascriptEnabled: true, networkConnectionEnabled: false, pageLoadStrategy: normal, platform: XP, platformName: XP, proxy: Proxy(), setWindowRect: true, strictFileInteractability: false, timeouts: {implicit: 0, pageLoad: 300000, script: 30000}, unhandledPromptBehavior: dismiss and notify}
Session ID: d2a60c22d2e184d247fb3b095289e51a
	at TEST.Test_ATS_AddCandidate.resumeUpload(Test_ATS_AddCandidate.java:56)
</failure>
    <system-out><![CDATA[Test Method Start :resumeUpload
UPDATES
CANDIDATES
---------
External Source
---------
Dice.com
Naukri
Test Method Failed : resumeUpload
]]></system-out>
    <system-err><![CDATA[Starting ChromeDriver 78.0.3904.70 (edb9c9f3de0247fd912a77b7f6cae7447f6d3ad5-refs/branch-heads/3904@{#800}) on port 28002
Only local connections are allowed.
Please protect ports used by ChromeDriver and related test frameworks to prevent access by malicious code.
[1576491708.415][WARNING]: This version of ChromeDriver has not been tested with Chrome version 79.
Dec 16, 2019 3:51:49 PM org.openqa.selenium.remote.ProtocolHandshake createSession
INFO: Detected dialect: W3C
]]></system-err>
  </testcase>
</testsuite>