<?xml version="1.0" encoding="UTF-8"?>
<!-- Generated by org.testng.reporters.JUnitXMLReporter -->
<testsuite hostname="MXITD037" ignored="6" name="Smoke" tests="10" failures="0" timestamp="12 Dec 2019 13:02:46 GMT" time="105.048" errors="0">
  <testcase name="@AfterMethod aftertestmethod" time="0.001" classname="TEST.Test_DataProviderATSRegistration">
    <failure type="java.lang.NullPointerException">
      <![CDATA[java.lang.NullPointerException
at TEST.Test_DataProviderATSRegistration.aftertestmethod(Test_DataProviderATSRegistration.java:48)
... Removed 32 stack frames]]>
    </failure>
  </testcase> <!-- @AfterMethod aftertestmethod -->
  <testcase name="@AfterMethod aftertestmethod" time="0.0" classname="TEST.Test_DataProviderATSRegistration">
    <skipped/>
  </testcase> <!-- @AfterMethod aftertestmethod -->
  <testcase name="@AfterMethod aftertestmethod" time="0.0" classname="TEST.Test_DataProviderATSRegistration">
    <skipped/>
  </testcase> <!-- @AfterMethod aftertestmethod -->
  <testcase name="@AfterMethod aftertestmethod" time="0.0" classname="TEST.Test_DataProviderATSRegistration">
    <skipped/>
  </testcase> <!-- @AfterMethod aftertestmethod -->
  <testcase name="login" time="7.763" classname="TEST.TestLogin"/>
  <testcase name="registration" time="3.532" classname="TEST.Test_ATS_Registration"/>
  <testcase name="DD_Registration_data" time="3.34" classname="TEST.Test_DataProviderATSRegistration"/>
  <testcase name="DD_Registration_data" time="0.0" classname="TEST.Test_DataProviderATSRegistration">
    <skipped/>
  </testcase> <!-- DD_Registration_data -->
  <testcase name="DD_Registration_data" time="0.0" classname="TEST.Test_DataProviderATSRegistration">
    <skipped/>
  </testcase> <!-- DD_Registration_data -->
  <testcase name="DD_Registration_data" time="0.0" classname="TEST.Test_DataProviderATSRegistration">
    <skipped/>
  </testcase> <!-- DD_Registration_data -->
  <testcase name="DD_Login_data" time="11.533" classname="TEST.TestDataProviderATSLogin"/>
  <testcase name="DD_Login_data" time="7.707" classname="TEST.TestDataProviderATSLogin"/>
  <testcase name="DD_Login_data" time="11.599" classname="TEST.TestDataProviderATSLogin"/>
  <testcase name="DD_Login_data" time="11.695" classname="TEST.TestDataProviderATSLogin"/>
  <testcase name="@BeforeTest startReport" time="0.0" classname="TEST.BaseTest">
    <ignored/>
  </testcase> <!-- @BeforeTest startReport -->
  <testcase name="@BeforeTest startReport" time="0.0" classname="TEST.BaseTest">
    <ignored/>
  </testcase> <!-- @BeforeTest startReport -->
  <testcase name="@BeforeTest startReport" time="0.0" classname="TEST.BaseTest">
    <ignored/>
  </testcase> <!-- @BeforeTest startReport -->
  <testcase name="@AfterTest endReport" time="0.0" classname="TEST.BaseTest">
    <ignored/>
  </testcase> <!-- @AfterTest endReport -->
  <testcase name="@AfterTest endReport" time="0.0" classname="TEST.BaseTest">
    <ignored/>
  </testcase> <!-- @AfterTest endReport -->
  <testcase name="@AfterTest endReport" time="0.0" classname="TEST.BaseTest">
    <ignored/>
  </testcase> <!-- @AfterTest endReport -->
</testsuite> <!-- Smoke -->
