<?xml version="1.0" encoding="UTF-8"?>
<!-- Generated by org.testng.reporters.JUnitXMLReporter -->
<testsuite hostname="MXITD037" ignored="2" name="Smoke" tests="0" failures="0" timestamp="16 Jan 2020 13:43:53 GMT" time="0.295" errors="0">
  <testcase name="@BeforeMethod preCondition" time="0.0" classname="TEST.BaseTest">
    <failure type="org.testng.TestNGException" message="
Can inject only one of &amp;lt;ITestContext, XmlTest, Method, Object[], ITestResult&amp;gt; into a @BeforeMethod annotated preCondition.
For more information on native dependency injection please refer to http://testng.org/doc/documentation-main.html#native-dependency-injection">
      <![CDATA[org.testng.TestNGException: 
Can inject only one of <ITestContext, XmlTest, Method, Object[], ITestResult> into a @BeforeMethod annotated preCondition.
For more information on native dependency injection please refer to http://testng.org/doc/documentation-main.html#native-dependency-injection
... Removed 29 stack frames]]>
    </failure>
  </testcase> <!-- @BeforeMethod preCondition -->
  <testcase name="resumeUpload" time="0.0" classname="TEST.Test_ATS_AddCandidate">
    <ignored/>
  </testcase> <!-- resumeUpload -->
  <testcase name="addCandidateManually" time="0.0" classname="TEST.Test_ATS_AddCandidate">
    <ignored/>
  </testcase> <!-- addCandidateManually -->
</testsuite> <!-- Smoke -->
