<?xml version="1.0" encoding="UTF-8"?>
<!-- Generated by org.testng.reporters.JUnitXMLReporter -->
<testsuite hostname="MXITD037" ignored="0" name="Test" tests="4" failures="0" timestamp="03 Dec 2019 15:39:25 GMT" time="51.274" errors="0">
  <testcase name="DD_Login_data" time="8.893" classname="TEST.TestDataProviderATSLogin"/>
  <testcase name="DD_Login_data" time="7.751" classname="TEST.TestDataProviderATSLogin"/>
  <testcase name="DD_Login_data" time="8.734" classname="TEST.TestDataProviderATSLogin"/>
  <testcase name="DD_Login_data" time="8.717" classname="TEST.TestDataProviderATSLogin"/>
</testsuite> <!-- Test -->
